[debug] [2019-06-29T14:07:21.025Z] ----------------------------------------------------------------------
[debug] [2019-06-29T14:07:21.027Z] Command:       /usr/local/bin/node /usr/local/bin/firebase deploy
[debug] [2019-06-29T14:07:21.027Z] CLI Version:   6.11.0
[debug] [2019-06-29T14:07:21.027Z] Platform:      darwin
[debug] [2019-06-29T14:07:21.027Z] Node Version:  v10.8.0
[debug] [2019-06-29T14:07:21.030Z] Time:          Sat Jun 29 2019 09:07:21 GMT-0500 (Central Daylight Time)
[debug] [2019-06-29T14:07:21.030Z] ----------------------------------------------------------------------
[debug] 
[debug] [2019-06-29T14:07:21.045Z] > command requires scopes: ["email","openid","https://www.googleapis.com/auth/cloudplatformprojects.readonly","https://www.googleapis.com/auth/firebase","https://www.googleapis.com/auth/cloud-platform"]
[debug] [2019-06-29T14:07:21.045Z] > authorizing via signed-in user
[debug] [2019-06-29T14:07:21.046Z] [iam] checking project josh-pantana for permissions ["firebase.projects.get","firebasehosting.sites.update"]
[debug] [2019-06-29T14:07:21.047Z] > refreshing access token with scopes: ["email","https://www.googleapis.com/auth/cloud-platform","https://www.googleapis.com/auth/cloudplatformprojects.readonly","https://www.googleapis.com/auth/firebase","openid"]
[debug] [2019-06-29T14:07:21.048Z] >>> HTTP REQUEST POST https://www.googleapis.com/oauth2/v3/token  
 <request body omitted>
[debug] [2019-06-29T14:07:21.230Z] <<< HTTP RESPONSE 200
[debug] [2019-06-29T14:07:21.245Z] >>> HTTP REQUEST POST https://cloudresourcemanager.googleapis.com/v1/projects/josh-pantana:testIamPermissions  

[debug] [2019-06-29T14:07:21.466Z] <<< HTTP RESPONSE 200
[debug] [2019-06-29T14:07:21.468Z] >>> HTTP REQUEST GET https://firebase.googleapis.com/v1beta1/projects/josh-pantana  
 
[debug] [2019-06-29T14:07:21.768Z] <<< HTTP RESPONSE 200
[info] 
[info] === Deploying to 'josh-pantana'...
[info] 
[info] i  deploying hosting
[debug] [2019-06-29T14:07:21.772Z] >>> HTTP REQUEST POST https://firebasehosting.googleapis.com/v1beta1/sites/josh-pantana/versions  

[debug] [2019-06-29T14:07:22.978Z] <<< HTTP RESPONSE 200
[info] i  hosting[josh-pantana]: beginning deploy...
[info] i  hosting[josh-pantana]: found 27 files in build
[debug] [2019-06-29T14:07:22.989Z] [hosting] hash cache [YnVpbGQ] load error: lines is not defined
[debug] [2019-06-29T14:07:23.241Z] [hosting] hash cache [YnVpbGQ] stored for 27 files
[debug] [2019-06-29T14:07:23.241Z] [hosting][hash queue][FINAL]
[debug] [2019-06-29T14:07:23.241Z] >>> HTTP REQUEST POST https://firebasehosting.googleapis.com/v1beta1/sites/josh-pantana/versions/8de2129a1ab69655:populateFiles  
 <request body omitted>
[debug] [2019-06-29T14:07:24.309Z] <<< HTTP RESPONSE 200
[debug] [2019-06-29T14:07:24.311Z] [hosting][populate queue][FINAL]
[debug] [2019-06-29T14:07:24.311Z] [hosting] uploads queued: 1
